Arguments: 
  C:\Program Files\nodejs\node.exe C:\Users\Yousef\AppData\Roaming\npm\node_modules\yarn\bin\yarn.js add angular-ui-bootstrap v3.6

PATH: 
  C:\Users\Yousef\AppData\Roaming\npm;C:\Program Files\nodejs\;C:\ProgramData\Oracle\Java\javapath;C:\WINDOWS\system32;C:\WINDOWS;C:\WINDOWS\System32\Wbem;C:\WINDOWS\System32\WindowsPowerShell\v1.0\;C:\Program Files (x86)\Skype\Phone\;C:\Program Files\TortoiseSVN\bin;C:\Program Files\Git\cmd;C:\Program Files\nodejs\;C:\Users\Yousef\AppData\Local\Microsoft\WindowsApps;C:\Users\Yousef\AppData\Roaming\npm

Yarn version: 
  1.5.1

Node version: 
  8.9.3

Platform: 
  win32 x64

npm manifest: 
  {
    "name": "MR_ROPOT",
    "version": "1.0.0",
    "description": "\tarduino parts",
    "main": "index.js",
    "author": "Yousef Shamieh",
    "license": "MIT",
    "private": null,
    "dependencies": {
      "angular": "^1.6.9"
    }
  }

yarn manifest: 
  No manifest

Lockfile: 
  # THIS IS AN AUTOGENERATED FILE. DO NOT EDIT THIS FILE DIRECTLY.
  # yarn lockfile v1
  
  
  angular@^1.6.9:
    version "1.6.9"
    resolved "https://registry.yarnpkg.com/angular/-/angular-1.6.9.tgz#bc812932e18909038412d594a5990f4bb66c0619"

Trace: 
  Error: Couldn't find package "v3.6" on the "npm" registry.
      at new MessageError (C:\Users\Yousef\AppData\Roaming\npm\node_modules\yarn\lib\cli.js:186:110)
      at NpmResolver.<anonymous> (C:\Users\Yousef\AppData\Roaming\npm\node_modules\yarn\lib\cli.js:51625:15)
      at Generator.next (<anonymous>)
      at step (C:\Users\Yousef\AppData\Roaming\npm\node_modules\yarn\lib\cli.js:98:30)
      at C:\Users\Yousef\AppData\Roaming\npm\node_modules\yarn\lib\cli.js:109:13
      at <anonymous>
      at process._tickCallback (internal/process/next_tick.js:188:7)
